<?xml version="1.0" encoding="UTF-8"?>
<!-- Generated by org.testng.reporters.JUnitXMLReporter -->
<testsuite ignored="0" hostname="DESKTOP-G6AMA9D" failures="0" tests="4" name="Test" time="0.164" errors="0" timestamp="2022-06-14T17:54:31 IST">
  <testcase classname="testNG.AnnatationStudy" name="MYtest" time="0.009"/>
  <testcase classname="testNG.AnnatationStudy" name="MYtest1" time="0.003"/>
  <testcase classname="testNG.AnnotationsStudy12" name="MYtest2" time="0.002"/>
  <testcase classname="testNG.AnnotationsStudy12" name="MYtest3" time="0.003"/>
</testsuite> <!-- Test -->
